[2023-10-31 04:14:14] production.ERROR: The resource owner or authorization server denied the request. {"exception":"[object] (League\\OAuth2\\Server\\Exception\\OAuthServerException(code: 9): The resource owner or authorization server denied the request. at /opt/lampp81/htdocs/projects/eGrocerAdminPanel-v1.9.3/eGrocerAdminPanel/vendor/league/oauth2-server/src/Exception/OAuthServerException.php:243)
[stacktrace]
#0 /opt/lampp81/htdocs/projects/eGrocerAdminPanel-v1.9.3/eGrocerAdminPanel/vendor/league/oauth2-server/src/AuthorizationValidators/BearerTokenValidator.php(123): League\\OAuth2\\Server\\Exception\\OAuthServerException::accessDenied()
#1 /opt/lampp81/htdocs/projects/eGrocerAdminPanel-v1.9.3/eGrocerAdminPanel/vendor/league/oauth2-server/src/ResourceServer.php(84): League\\OAuth2\\Server\\AuthorizationValidators\\BearerTokenValidator->validateAuthorization()
#2 /opt/lampp81/htdocs/projects/eGrocerAdminPanel-v1.9.3/eGrocerAdminPanel/vendor/laravel/passport/src/Guards/TokenGuard.php(205): League\\OAuth2\\Server\\ResourceServer->validateAuthenticatedRequest()
#3 /opt/lampp81/htdocs/projects/eGrocerAdminPanel-v1.9.3/eGrocerAdminPanel/vendor/laravel/passport/src/Guards/TokenGuard.php(148): Laravel\\Passport\\Guards\\TokenGuard->getPsrRequestViaBearerToken()
#4 /opt/lampp81/htdocs/projects/eGrocerAdminPanel-v1.9.3/eGrocerAdminPanel/vendor/laravel/passport/src/Guards/TokenGuard.php(111): Laravel\\Passport\\Guards\\TokenGuard->authenticateViaBearerToken()
#5 /opt/lampp81/htdocs/projects/eGrocerAdminPanel-v1.9.3/eGrocerAdminPanel/vendor/laravel/passport/src/PassportServiceProvider.php(309): Laravel\\Passport\\Guards\\TokenGuard->user()
#6 [internal function]: Laravel\\Passport\\PassportServiceProvider->Laravel\\Passport\\{closure}()
#7 /opt/lampp81/htdocs/projects/eGrocerAdminPanel-v1.9.3/eGrocerAdminPanel/vendor/laravel/framework/src/Illuminate/Auth/RequestGuard.php(58): call_user_func()
#8 /opt/lampp81/htdocs/projects/eGrocerAdminPanel-v1.9.3/eGrocerAdminPanel/vendor/laravel/framework/src/Illuminate/Auth/GuardHelpers.php(60): Illuminate\\Auth\\RequestGuard->user()
#9 /opt/lampp81/htdocs/projects/eGrocerAdminPanel-v1.9.3/eGrocerAdminPanel/vendor/laravel/framework/src/Illuminate/Auth/Middleware/Authenticate.php(63): Illuminate\\Auth\\RequestGuard->check()
#10 /opt/lampp81/htdocs/projects/eGrocerAdminPanel-v1.9.3/eGrocerAdminPanel/vendor/laravel/framework/src/Illuminate/Auth/Middleware/Authenticate.php(42): Illuminate\\Auth\\Middleware\\Authenticate->authenticate()
#11 /opt/lampp81/htdocs/projects/eGrocerAdminPanel-v1.9.3/eGrocerAdminPanel/vendor/laravel/framework/src/Illuminate/Pipeline/Pipeline.php(167): Illuminate\\Auth\\Middleware\\Authenticate->handle()
#12 /opt/lampp81/htdocs/projects/eGrocerAdminPanel-v1.9.3/eGrocerAdminPanel/app/Http/Middleware/CustomerUserProvider.php(33): Illuminate\\Pipeline\\Pipeline->Illuminate\\Pipeline\\{closure}()
#13 /opt/lampp81/htdocs/projects/eGrocerAdminPanel-v1.9.3/eGrocerAdminPanel/vendor/laravel/framework/src/Illuminate/Pipeline/Pipeline.php(167): App\\Http\\Middleware\\CustomerUserProvider->handle()
#14 /opt/lampp81/htdocs/projects/eGrocerAdminPanel-v1.9.3/eGrocerAdminPanel/vendor/laravel/framework/src/Illuminate/Pipeline/Pipeline.php(103): Illuminate\\Pipeline\\Pipeline->Illuminate\\Pipeline\\{closure}()
#15 /opt/lampp81/htdocs/projects/eGrocerAdminPanel-v1.9.3/eGrocerAdminPanel/vendor/laravel/framework/src/Illuminate/Routing/Router.php(723): Illuminate\\Pipeline\\Pipeline->then()
#16 /opt/lampp81/htdocs/projects/eGrocerAdminPanel-v1.9.3/eGrocerAdminPanel/vendor/laravel/framework/src/Illuminate/Routing/Router.php(698): Illuminate\\Routing\\Router->runRouteWithinStack()
#17 /opt/lampp81/htdocs/projects/eGrocerAdminPanel-v1.9.3/eGrocerAdminPanel/vendor/laravel/framework/src/Illuminate/Routing/Router.php(662): Illuminate\\Routing\\Router->runRoute()
#18 /opt/lampp81/htdocs/projects/eGrocerAdminPanel-v1.9.3/eGrocerAdminPanel/vendor/laravel/framework/src/Illuminate/Routing/Router.php(651): Illuminate\\Routing\\Router->dispatchToRoute()
#19 /opt/lampp81/htdocs/projects/eGrocerAdminPanel-v1.9.3/eGrocerAdminPanel/vendor/laravel/framework/src/Illuminate/Foundation/Http/Kernel.php(167): Illuminate\\Routing\\Router->dispatch()
#20 /opt/lampp81/htdocs/projects/eGrocerAdminPanel-v1.9.3/eGrocerAdminPanel/vendor/laravel/framework/src/Illuminate/Pipeline/Pipeline.php(128): Illuminate\\Foundation\\Http\\Kernel->Illuminate\\Foundation\\Http\\{closure}()
#21 /opt/lampp81/htdocs/projects/eGrocerAdminPanel-v1.9.3/eGrocerAdminPanel/app/Http/Middleware/SetLang.php(82): Illuminate\\Pipeline\\Pipeline->Illuminate\\Pipeline\\{closure}()
#22 /opt/lampp81/htdocs/projects/eGrocerAdminPanel-v1.9.3/eGrocerAdminPanel/vendor/laravel/framework/src/Illuminate/Pipeline/Pipeline.php(167): App\\Http\\Middleware\\SetLang->handle()
#23 /opt/lampp81/htdocs/projects/eGrocerAdminPanel-v1.9.3/eGrocerAdminPanel/vendor/laravel/framework/src/Illuminate/Session/Middleware/StartSession.php(121): Illuminate\\Pipeline\\Pipeline->Illuminate\\Pipeline\\{closure}()
#24 /opt/lampp81/htdocs/projects/eGrocerAdminPanel-v1.9.3/eGrocerAdminPanel/vendor/laravel/framework/src/Illuminate/Session/Middleware/StartSession.php(64): Illuminate\\Session\\Middleware\\StartSession->handleStatefulRequest()
#25 /opt/lampp81/htdocs/projects/eGrocerAdminPanel-v1.9.3/eGrocerAdminPanel/vendor/laravel/framework/src/Illuminate/Pipeline/Pipeline.php(167): Illuminate\\Session\\Middleware\\StartSession->handle()
#26 /opt/lampp81/htdocs/projects/eGrocerAdminPanel-v1.9.3/eGrocerAdminPanel/vendor/laravel/framework/src/Illuminate/Foundation/Http/Middleware/TransformsRequest.php(21): Illuminate\\Pipeline\\Pipeline->Illuminate\\Pipeline\\{closure}()
#27 /opt/lampp81/htdocs/projects/eGrocerAdminPanel-v1.9.3/eGrocerAdminPanel/vendor/laravel/framework/src/Illuminate/Foundation/Http/Middleware/ConvertEmptyStringsToNull.php(31): Illuminate\\Foundation\\Http\\Middleware\\TransformsRequest->handle()
#28 /opt/lampp81/htdocs/projects/eGrocerAdminPanel-v1.9.3/eGrocerAdminPanel/vendor/laravel/framework/src/Illuminate/Pipeline/Pipeline.php(167): Illuminate\\Foundation\\Http\\Middleware\\ConvertEmptyStringsToNull->handle()
#29 /opt/lampp81/htdocs/projects/eGrocerAdminPanel-v1.9.3/eGrocerAdminPanel/vendor/laravel/framework/src/Illuminate/Foundation/Http/Middleware/TransformsRequest.php(21): Illuminate\\Pipeline\\Pipeline->Illuminate\\Pipeline\\{closure}()
#30 /opt/lampp81/htdocs/projects/eGrocerAdminPanel-v1.9.3/eGrocerAdminPanel/vendor/laravel/framework/src/Illuminate/Foundation/Http/Middleware/TrimStrings.php(40): Illuminate\\Foundation\\Http\\Middleware\\TransformsRequest->handle()
#31 /opt/lampp81/htdocs/projects/eGrocerAdminPanel-v1.9.3/eGrocerAdminPanel/vendor/laravel/framework/src/Illuminate/Pipeline/Pipeline.php(167): Illuminate\\Foundation\\Http\\Middleware\\TrimStrings->handle()
#32 /opt/lampp81/htdocs/projects/eGrocerAdminPanel-v1.9.3/eGrocerAdminPanel/vendor/laravel/framework/src/Illuminate/Foundation/Http/Middleware/ValidatePostSize.php(27): Illuminate\\Pipeline\\Pipeline->Illuminate\\Pipeline\\{closure}()
#33 /opt/lampp81/htdocs/projects/eGrocerAdminPanel-v1.9.3/eGrocerAdminPanel/vendor/laravel/framework/src/Illuminate/Pipeline/Pipeline.php(167): Illuminate\\Foundation\\Http\\Middleware\\ValidatePostSize->handle()
#34 /opt/lampp81/htdocs/projects/eGrocerAdminPanel-v1.9.3/eGrocerAdminPanel/vendor/laravel/framework/src/Illuminate/Foundation/Http/Middleware/PreventRequestsDuringMaintenance.php(86): Illuminate\\Pipeline\\Pipeline->Illuminate\\Pipeline\\{closure}()
#35 /opt/lampp81/htdocs/projects/eGrocerAdminPanel-v1.9.3/eGrocerAdminPanel/vendor/laravel/framework/src/Illuminate/Pipeline/Pipeline.php(167): Illuminate\\Foundation\\Http\\Middleware\\PreventRequestsDuringMaintenance->handle()
#36 /opt/lampp81/htdocs/projects/eGrocerAdminPanel-v1.9.3/eGrocerAdminPanel/vendor/fruitcake/laravel-cors/src/HandleCors.php(38): Illuminate\\Pipeline\\Pipeline->Illuminate\\Pipeline\\{closure}()
#37 /opt/lampp81/htdocs/projects/eGrocerAdminPanel-v1.9.3/eGrocerAdminPanel/vendor/laravel/framework/src/Illuminate/Pipeline/Pipeline.php(167): Fruitcake\\Cors\\HandleCors->handle()
#38 /opt/lampp81/htdocs/projects/eGrocerAdminPanel-v1.9.3/eGrocerAdminPanel/vendor/laravel/framework/src/Illuminate/Http/Middleware/TrustProxies.php(39): Illuminate\\Pipeline\\Pipeline->Illuminate\\Pipeline\\{closure}()
#39 /opt/lampp81/htdocs/projects/eGrocerAdminPanel-v1.9.3/eGrocerAdminPanel/vendor/laravel/framework/src/Illuminate/Pipeline/Pipeline.php(167): Illuminate\\Http\\Middleware\\TrustProxies->handle()
#40 /opt/lampp81/htdocs/projects/eGrocerAdminPanel-v1.9.3/eGrocerAdminPanel/vendor/laravel/framework/src/Illuminate/Pipeline/Pipeline.php(103): Illuminate\\Pipeline\\Pipeline->Illuminate\\Pipeline\\{closure}()
#41 /opt/lampp81/htdocs/projects/eGrocerAdminPanel-v1.9.3/eGrocerAdminPanel/vendor/laravel/framework/src/Illuminate/Foundation/Http/Kernel.php(142): Illuminate\\Pipeline\\Pipeline->then()
#42 /opt/lampp81/htdocs/projects/eGrocerAdminPanel-v1.9.3/eGrocerAdminPanel/vendor/laravel/framework/src/Illuminate/Foundation/Http/Kernel.php(111): Illuminate\\Foundation\\Http\\Kernel->sendRequestThroughRouter()
#43 /opt/lampp81/htdocs/projects/eGrocerAdminPanel-v1.9.3/eGrocerAdminPanel/public/index.php(60): Illuminate\\Foundation\\Http\\Kernel->handle()
#44 /opt/lampp81/htdocs/projects/eGrocerAdminPanel-v1.9.3/eGrocerAdminPanel/server.php(21): require_once('...')
#45 {main}
"} 
[2023-10-31 04:14:53] production.ERROR: The resource owner or authorization server denied the request. {"userId":43,"exception":"[object] (League\\OAuth2\\Server\\Exception\\OAuthServerException(code: 9): The resource owner or authorization server denied the request. at /opt/lampp81/htdocs/projects/eGrocerAdminPanel-v1.9.3/eGrocerAdminPanel/vendor/league/oauth2-server/src/Exception/OAuthServerException.php:243)
[stacktrace]
#0 /opt/lampp81/htdocs/projects/eGrocerAdminPanel-v1.9.3/eGrocerAdminPanel/vendor/league/oauth2-server/src/AuthorizationValidators/BearerTokenValidator.php(123): League\\OAuth2\\Server\\Exception\\OAuthServerException::accessDenied()
#1 /opt/lampp81/htdocs/projects/eGrocerAdminPanel-v1.9.3/eGrocerAdminPanel/vendor/league/oauth2-server/src/ResourceServer.php(84): League\\OAuth2\\Server\\AuthorizationValidators\\BearerTokenValidator->validateAuthorization()
#2 /opt/lampp81/htdocs/projects/eGrocerAdminPanel-v1.9.3/eGrocerAdminPanel/vendor/laravel/passport/src/Guards/TokenGuard.php(205): League\\OAuth2\\Server\\ResourceServer->validateAuthenticatedRequest()
#3 /opt/lampp81/htdocs/projects/eGrocerAdminPanel-v1.9.3/eGrocerAdminPanel/vendor/laravel/passport/src/Guards/TokenGuard.php(148): Laravel\\Passport\\Guards\\TokenGuard->getPsrRequestViaBearerToken()
#4 /opt/lampp81/htdocs/projects/eGrocerAdminPanel-v1.9.3/eGrocerAdminPanel/vendor/laravel/passport/src/Guards/TokenGuard.php(111): Laravel\\Passport\\Guards\\TokenGuard->authenticateViaBearerToken()
#5 /opt/lampp81/htdocs/projects/eGrocerAdminPanel-v1.9.3/eGrocerAdminPanel/vendor/laravel/passport/src/PassportServiceProvider.php(309): Laravel\\Passport\\Guards\\TokenGuard->user()
#6 [internal function]: Laravel\\Passport\\PassportServiceProvider->Laravel\\Passport\\{closure}()
#7 /opt/lampp81/htdocs/projects/eGrocerAdminPanel-v1.9.3/eGrocerAdminPanel/vendor/laravel/framework/src/Illuminate/Auth/RequestGuard.php(58): call_user_func()
#8 /opt/lampp81/htdocs/projects/eGrocerAdminPanel-v1.9.3/eGrocerAdminPanel/vendor/laravel/framework/src/Illuminate/Auth/GuardHelpers.php(60): Illuminate\\Auth\\RequestGuard->user()
#9 /opt/lampp81/htdocs/projects/eGrocerAdminPanel-v1.9.3/eGrocerAdminPanel/vendor/laravel/framework/src/Illuminate/Auth/Middleware/Authenticate.php(63): Illuminate\\Auth\\RequestGuard->check()
#10 /opt/lampp81/htdocs/projects/eGrocerAdminPanel-v1.9.3/eGrocerAdminPanel/vendor/laravel/framework/src/Illuminate/Auth/Middleware/Authenticate.php(42): Illuminate\\Auth\\Middleware\\Authenticate->authenticate()
#11 /opt/lampp81/htdocs/projects/eGrocerAdminPanel-v1.9.3/eGrocerAdminPanel/vendor/laravel/framework/src/Illuminate/Pipeline/Pipeline.php(167): Illuminate\\Auth\\Middleware\\Authenticate->handle()
#12 /opt/lampp81/htdocs/projects/eGrocerAdminPanel-v1.9.3/eGrocerAdminPanel/app/Http/Middleware/CustomerUserProvider.php(33): Illuminate\\Pipeline\\Pipeline->Illuminate\\Pipeline\\{closure}()
#13 /opt/lampp81/htdocs/projects/eGrocerAdminPanel-v1.9.3/eGrocerAdminPanel/vendor/laravel/framework/src/Illuminate/Pipeline/Pipeline.php(167): App\\Http\\Middleware\\CustomerUserProvider->handle()
#14 /opt/lampp81/htdocs/projects/eGrocerAdminPanel-v1.9.3/eGrocerAdminPanel/vendor/laravel/framework/src/Illuminate/Pipeline/Pipeline.php(103): Illuminate\\Pipeline\\Pipeline->Illuminate\\Pipeline\\{closure}()
#15 /opt/lampp81/htdocs/projects/eGrocerAdminPanel-v1.9.3/eGrocerAdminPanel/vendor/laravel/framework/src/Illuminate/Routing/Router.php(723): Illuminate\\Pipeline\\Pipeline->then()
#16 /opt/lampp81/htdocs/projects/eGrocerAdminPanel-v1.9.3/eGrocerAdminPanel/vendor/laravel/framework/src/Illuminate/Routing/Router.php(698): Illuminate\\Routing\\Router->runRouteWithinStack()
#17 /opt/lampp81/htdocs/projects/eGrocerAdminPanel-v1.9.3/eGrocerAdminPanel/vendor/laravel/framework/src/Illuminate/Routing/Router.php(662): Illuminate\\Routing\\Router->runRoute()
#18 /opt/lampp81/htdocs/projects/eGrocerAdminPanel-v1.9.3/eGrocerAdminPanel/vendor/laravel/framework/src/Illuminate/Routing/Router.php(651): Illuminate\\Routing\\Router->dispatchToRoute()
#19 /opt/lampp81/htdocs/projects/eGrocerAdminPanel-v1.9.3/eGrocerAdminPanel/vendor/laravel/framework/src/Illuminate/Foundation/Http/Kernel.php(167): Illuminate\\Routing\\Router->dispatch()
#20 /opt/lampp81/htdocs/projects/eGrocerAdminPanel-v1.9.3/eGrocerAdminPanel/vendor/laravel/framework/src/Illuminate/Pipeline/Pipeline.php(128): Illuminate\\Foundation\\Http\\Kernel->Illuminate\\Foundation\\Http\\{closure}()
#21 /opt/lampp81/htdocs/projects/eGrocerAdminPanel-v1.9.3/eGrocerAdminPanel/app/Http/Middleware/SetLang.php(82): Illuminate\\Pipeline\\Pipeline->Illuminate\\Pipeline\\{closure}()
#22 /opt/lampp81/htdocs/projects/eGrocerAdminPanel-v1.9.3/eGrocerAdminPanel/vendor/laravel/framework/src/Illuminate/Pipeline/Pipeline.php(167): App\\Http\\Middleware\\SetLang->handle()
#23 /opt/lampp81/htdocs/projects/eGrocerAdminPanel-v1.9.3/eGrocerAdminPanel/vendor/laravel/framework/src/Illuminate/Session/Middleware/StartSession.php(121): Illuminate\\Pipeline\\Pipeline->Illuminate\\Pipeline\\{closure}()
#24 /opt/lampp81/htdocs/projects/eGrocerAdminPanel-v1.9.3/eGrocerAdminPanel/vendor/laravel/framework/src/Illuminate/Session/Middleware/StartSession.php(64): Illuminate\\Session\\Middleware\\StartSession->handleStatefulRequest()
#25 /opt/lampp81/htdocs/projects/eGrocerAdminPanel-v1.9.3/eGrocerAdminPanel/vendor/laravel/framework/src/Illuminate/Pipeline/Pipeline.php(167): Illuminate\\Session\\Middleware\\StartSession->handle()
#26 /opt/lampp81/htdocs/projects/eGrocerAdminPanel-v1.9.3/eGrocerAdminPanel/vendor/laravel/framework/src/Illuminate/Foundation/Http/Middleware/TransformsRequest.php(21): Illuminate\\Pipeline\\Pipeline->Illuminate\\Pipeline\\{closure}()
#27 /opt/lampp81/htdocs/projects/eGrocerAdminPanel-v1.9.3/eGrocerAdminPanel/vendor/laravel/framework/src/Illuminate/Foundation/Http/Middleware/ConvertEmptyStringsToNull.php(31): Illuminate\\Foundation\\Http\\Middleware\\TransformsRequest->handle()
#28 /opt/lampp81/htdocs/projects/eGrocerAdminPanel-v1.9.3/eGrocerAdminPanel/vendor/laravel/framework/src/Illuminate/Pipeline/Pipeline.php(167): Illuminate\\Foundation\\Http\\Middleware\\ConvertEmptyStringsToNull->handle()
#29 /opt/lampp81/htdocs/projects/eGrocerAdminPanel-v1.9.3/eGrocerAdminPanel/vendor/laravel/framework/src/Illuminate/Foundation/Http/Middleware/TransformsRequest.php(21): Illuminate\\Pipeline\\Pipeline->Illuminate\\Pipeline\\{closure}()
#30 /opt/lampp81/htdocs/projects/eGrocerAdminPanel-v1.9.3/eGrocerAdminPanel/vendor/laravel/framework/src/Illuminate/Foundation/Http/Middleware/TrimStrings.php(40): Illuminate\\Foundation\\Http\\Middleware\\TransformsRequest->handle()
#31 /opt/lampp81/htdocs/projects/eGrocerAdminPanel-v1.9.3/eGrocerAdminPanel/vendor/laravel/framework/src/Illuminate/Pipeline/Pipeline.php(167): Illuminate\\Foundation\\Http\\Middleware\\TrimStrings->handle()
#32 /opt/lampp81/htdocs/projects/eGrocerAdminPanel-v1.9.3/eGrocerAdminPanel/vendor/laravel/framework/src/Illuminate/Foundation/Http/Middleware/ValidatePostSize.php(27): Illuminate\\Pipeline\\Pipeline->Illuminate\\Pipeline\\{closure}()
#33 /opt/lampp81/htdocs/projects/eGrocerAdminPanel-v1.9.3/eGrocerAdminPanel/vendor/laravel/framework/src/Illuminate/Pipeline/Pipeline.php(167): Illuminate\\Foundation\\Http\\Middleware\\ValidatePostSize->handle()
#34 /opt/lampp81/htdocs/projects/eGrocerAdminPanel-v1.9.3/eGrocerAdminPanel/vendor/laravel/framework/src/Illuminate/Foundation/Http/Middleware/PreventRequestsDuringMaintenance.php(86): Illuminate\\Pipeline\\Pipeline->Illuminate\\Pipeline\\{closure}()
#35 /opt/lampp81/htdocs/projects/eGrocerAdminPanel-v1.9.3/eGrocerAdminPanel/vendor/laravel/framework/src/Illuminate/Pipeline/Pipeline.php(167): Illuminate\\Foundation\\Http\\Middleware\\PreventRequestsDuringMaintenance->handle()
#36 /opt/lampp81/htdocs/projects/eGrocerAdminPanel-v1.9.3/eGrocerAdminPanel/vendor/fruitcake/laravel-cors/src/HandleCors.php(38): Illuminate\\Pipeline\\Pipeline->Illuminate\\Pipeline\\{closure}()
#37 /opt/lampp81/htdocs/projects/eGrocerAdminPanel-v1.9.3/eGrocerAdminPanel/vendor/laravel/framework/src/Illuminate/Pipeline/Pipeline.php(167): Fruitcake\\Cors\\HandleCors->handle()
#38 /opt/lampp81/htdocs/projects/eGrocerAdminPanel-v1.9.3/eGrocerAdminPanel/vendor/laravel/framework/src/Illuminate/Http/Middleware/TrustProxies.php(39): Illuminate\\Pipeline\\Pipeline->Illuminate\\Pipeline\\{closure}()
#39 /opt/lampp81/htdocs/projects/eGrocerAdminPanel-v1.9.3/eGrocerAdminPanel/vendor/laravel/framework/src/Illuminate/Pipeline/Pipeline.php(167): Illuminate\\Http\\Middleware\\TrustProxies->handle()
#40 /opt/lampp81/htdocs/projects/eGrocerAdminPanel-v1.9.3/eGrocerAdminPanel/vendor/laravel/framework/src/Illuminate/Pipeline/Pipeline.php(103): Illuminate\\Pipeline\\Pipeline->Illuminate\\Pipeline\\{closure}()
#41 /opt/lampp81/htdocs/projects/eGrocerAdminPanel-v1.9.3/eGrocerAdminPanel/vendor/laravel/framework/src/Illuminate/Foundation/Http/Kernel.php(142): Illuminate\\Pipeline\\Pipeline->then()
#42 /opt/lampp81/htdocs/projects/eGrocerAdminPanel-v1.9.3/eGrocerAdminPanel/vendor/laravel/framework/src/Illuminate/Foundation/Http/Kernel.php(111): Illuminate\\Foundation\\Http\\Kernel->sendRequestThroughRouter()
#43 /opt/lampp81/htdocs/projects/eGrocerAdminPanel-v1.9.3/eGrocerAdminPanel/public/index.php(60): Illuminate\\Foundation\\Http\\Kernel->handle()
#44 /opt/lampp81/htdocs/projects/eGrocerAdminPanel-v1.9.3/eGrocerAdminPanel/server.php(21): require_once('...')
#45 {main}
"} 
[2023-10-31 04:14:54] production.ERROR: The resource owner or authorization server denied the request. {"userId":43,"exception":"[object] (League\\OAuth2\\Server\\Exception\\OAuthServerException(code: 9): The resource owner or authorization server denied the request. at /opt/lampp81/htdocs/projects/eGrocerAdminPanel-v1.9.3/eGrocerAdminPanel/vendor/league/oauth2-server/src/Exception/OAuthServerException.php:243)
[stacktrace]
#0 /opt/lampp81/htdocs/projects/eGrocerAdminPanel-v1.9.3/eGrocerAdminPanel/vendor/league/oauth2-server/src/AuthorizationValidators/BearerTokenValidator.php(123): League\\OAuth2\\Server\\Exception\\OAuthServerException::accessDenied()
#1 /opt/lampp81/htdocs/projects/eGrocerAdminPanel-v1.9.3/eGrocerAdminPanel/vendor/league/oauth2-server/src/ResourceServer.php(84): League\\OAuth2\\Server\\AuthorizationValidators\\BearerTokenValidator->validateAuthorization()
#2 /opt/lampp81/htdocs/projects/eGrocerAdminPanel-v1.9.3/eGrocerAdminPanel/vendor/laravel/passport/src/Guards/TokenGuard.php(205): League\\OAuth2\\Server\\ResourceServer->validateAuthenticatedRequest()
#3 /opt/lampp81/htdocs/projects/eGrocerAdminPanel-v1.9.3/eGrocerAdminPanel/vendor/laravel/passport/src/Guards/TokenGuard.php(148): Laravel\\Passport\\Guards\\TokenGuard->getPsrRequestViaBearerToken()
#4 /opt/lampp81/htdocs/projects/eGrocerAdminPanel-v1.9.3/eGrocerAdminPanel/vendor/laravel/passport/src/Guards/TokenGuard.php(111): Laravel\\Passport\\Guards\\TokenGuard->authenticateViaBearerToken()
#5 /opt/lampp81/htdocs/projects/eGrocerAdminPanel-v1.9.3/eGrocerAdminPanel/vendor/laravel/passport/src/PassportServiceProvider.php(309): Laravel\\Passport\\Guards\\TokenGuard->user()
#6 [internal function]: Laravel\\Passport\\PassportServiceProvider->Laravel\\Passport\\{closure}()
#7 /opt/lampp81/htdocs/projects/eGrocerAdminPanel-v1.9.3/eGrocerAdminPanel/vendor/laravel/framework/src/Illuminate/Auth/RequestGuard.php(58): call_user_func()
#8 /opt/lampp81/htdocs/projects/eGrocerAdminPanel-v1.9.3/eGrocerAdminPanel/vendor/laravel/framework/src/Illuminate/Auth/GuardHelpers.php(60): Illuminate\\Auth\\RequestGuard->user()
#9 /opt/lampp81/htdocs/projects/eGrocerAdminPanel-v1.9.3/eGrocerAdminPanel/vendor/laravel/framework/src/Illuminate/Auth/Middleware/Authenticate.php(63): Illuminate\\Auth\\RequestGuard->check()
#10 /opt/lampp81/htdocs/projects/eGrocerAdminPanel-v1.9.3/eGrocerAdminPanel/vendor/laravel/framework/src/Illuminate/Auth/Middleware/Authenticate.php(42): Illuminate\\Auth\\Middleware\\Authenticate->authenticate()
#11 /opt/lampp81/htdocs/projects/eGrocerAdminPanel-v1.9.3/eGrocerAdminPanel/vendor/laravel/framework/src/Illuminate/Pipeline/Pipeline.php(167): Illuminate\\Auth\\Middleware\\Authenticate->handle()
#12 /opt/lampp81/htdocs/projects/eGrocerAdminPanel-v1.9.3/eGrocerAdminPanel/app/Http/Middleware/CustomerUserProvider.php(33): Illuminate\\Pipeline\\Pipeline->Illuminate\\Pipeline\\{closure}()
#13 /opt/lampp81/htdocs/projects/eGrocerAdminPanel-v1.9.3/eGrocerAdminPanel/vendor/laravel/framework/src/Illuminate/Pipeline/Pipeline.php(167): App\\Http\\Middleware\\CustomerUserProvider->handle()
#14 /opt/lampp81/htdocs/projects/eGrocerAdminPanel-v1.9.3/eGrocerAdminPanel/vendor/laravel/framework/src/Illuminate/Pipeline/Pipeline.php(103): Illuminate\\Pipeline\\Pipeline->Illuminate\\Pipeline\\{closure}()
#15 /opt/lampp81/htdocs/projects/eGrocerAdminPanel-v1.9.3/eGrocerAdminPanel/vendor/laravel/framework/src/Illuminate/Routing/Router.php(723): Illuminate\\Pipeline\\Pipeline->then()
#16 /opt/lampp81/htdocs/projects/eGrocerAdminPanel-v1.9.3/eGrocerAdminPanel/vendor/laravel/framework/src/Illuminate/Routing/Router.php(698): Illuminate\\Routing\\Router->runRouteWithinStack()
#17 /opt/lampp81/htdocs/projects/eGrocerAdminPanel-v1.9.3/eGrocerAdminPanel/vendor/laravel/framework/src/Illuminate/Routing/Router.php(662): Illuminate\\Routing\\Router->runRoute()
#18 /opt/lampp81/htdocs/projects/eGrocerAdminPanel-v1.9.3/eGrocerAdminPanel/vendor/laravel/framework/src/Illuminate/Routing/Router.php(651): Illuminate\\Routing\\Router->dispatchToRoute()
#19 /opt/lampp81/htdocs/projects/eGrocerAdminPanel-v1.9.3/eGrocerAdminPanel/vendor/laravel/framework/src/Illuminate/Foundation/Http/Kernel.php(167): Illuminate\\Routing\\Router->dispatch()
#20 /opt/lampp81/htdocs/projects/eGrocerAdminPanel-v1.9.3/eGrocerAdminPanel/vendor/laravel/framework/src/Illuminate/Pipeline/Pipeline.php(128): Illuminate\\Foundation\\Http\\Kernel->Illuminate\\Foundation\\Http\\{closure}()
#21 /opt/lampp81/htdocs/projects/eGrocerAdminPanel-v1.9.3/eGrocerAdminPanel/app/Http/Middleware/SetLang.php(82): Illuminate\\Pipeline\\Pipeline->Illuminate\\Pipeline\\{closure}()
#22 /opt/lampp81/htdocs/projects/eGrocerAdminPanel-v1.9.3/eGrocerAdminPanel/vendor/laravel/framework/src/Illuminate/Pipeline/Pipeline.php(167): App\\Http\\Middleware\\SetLang->handle()
#23 /opt/lampp81/htdocs/projects/eGrocerAdminPanel-v1.9.3/eGrocerAdminPanel/vendor/laravel/framework/src/Illuminate/Session/Middleware/StartSession.php(121): Illuminate\\Pipeline\\Pipeline->Illuminate\\Pipeline\\{closure}()
#24 /opt/lampp81/htdocs/projects/eGrocerAdminPanel-v1.9.3/eGrocerAdminPanel/vendor/laravel/framework/src/Illuminate/Session/Middleware/StartSession.php(64): Illuminate\\Session\\Middleware\\StartSession->handleStatefulRequest()
#25 /opt/lampp81/htdocs/projects/eGrocerAdminPanel-v1.9.3/eGrocerAdminPanel/vendor/laravel/framework/src/Illuminate/Pipeline/Pipeline.php(167): Illuminate\\Session\\Middleware\\StartSession->handle()
#26 /opt/lampp81/htdocs/projects/eGrocerAdminPanel-v1.9.3/eGrocerAdminPanel/vendor/laravel/framework/src/Illuminate/Foundation/Http/Middleware/TransformsRequest.php(21): Illuminate\\Pipeline\\Pipeline->Illuminate\\Pipeline\\{closure}()
#27 /opt/lampp81/htdocs/projects/eGrocerAdminPanel-v1.9.3/eGrocerAdminPanel/vendor/laravel/framework/src/Illuminate/Foundation/Http/Middleware/ConvertEmptyStringsToNull.php(31): Illuminate\\Foundation\\Http\\Middleware\\TransformsRequest->handle()
#28 /opt/lampp81/htdocs/projects/eGrocerAdminPanel-v1.9.3/eGrocerAdminPanel/vendor/laravel/framework/src/Illuminate/Pipeline/Pipeline.php(167): Illuminate\\Foundation\\Http\\Middleware\\ConvertEmptyStringsToNull->handle()
#29 /opt/lampp81/htdocs/projects/eGrocerAdminPanel-v1.9.3/eGrocerAdminPanel/vendor/laravel/framework/src/Illuminate/Foundation/Http/Middleware/TransformsRequest.php(21): Illuminate\\Pipeline\\Pipeline->Illuminate\\Pipeline\\{closure}()
#30 /opt/lampp81/htdocs/projects/eGrocerAdminPanel-v1.9.3/eGrocerAdminPanel/vendor/laravel/framework/src/Illuminate/Foundation/Http/Middleware/TrimStrings.php(40): Illuminate\\Foundation\\Http\\Middleware\\TransformsRequest->handle()
#31 /opt/lampp81/htdocs/projects/eGrocerAdminPanel-v1.9.3/eGrocerAdminPanel/vendor/laravel/framework/src/Illuminate/Pipeline/Pipeline.php(167): Illuminate\\Foundation\\Http\\Middleware\\TrimStrings->handle()
#32 /opt/lampp81/htdocs/projects/eGrocerAdminPanel-v1.9.3/eGrocerAdminPanel/vendor/laravel/framework/src/Illuminate/Foundation/Http/Middleware/ValidatePostSize.php(27): Illuminate\\Pipeline\\Pipeline->Illuminate\\Pipeline\\{closure}()
#33 /opt/lampp81/htdocs/projects/eGrocerAdminPanel-v1.9.3/eGrocerAdminPanel/vendor/laravel/framework/src/Illuminate/Pipeline/Pipeline.php(167): Illuminate\\Foundation\\Http\\Middleware\\ValidatePostSize->handle()
#34 /opt/lampp81/htdocs/projects/eGrocerAdminPanel-v1.9.3/eGrocerAdminPanel/vendor/laravel/framework/src/Illuminate/Foundation/Http/Middleware/PreventRequestsDuringMaintenance.php(86): Illuminate\\Pipeline\\Pipeline->Illuminate\\Pipeline\\{closure}()
#35 /opt/lampp81/htdocs/projects/eGrocerAdminPanel-v1.9.3/eGrocerAdminPanel/vendor/laravel/framework/src/Illuminate/Pipeline/Pipeline.php(167): Illuminate\\Foundation\\Http\\Middleware\\PreventRequestsDuringMaintenance->handle()
#36 /opt/lampp81/htdocs/projects/eGrocerAdminPanel-v1.9.3/eGrocerAdminPanel/vendor/fruitcake/laravel-cors/src/HandleCors.php(38): Illuminate\\Pipeline\\Pipeline->Illuminate\\Pipeline\\{closure}()
#37 /opt/lampp81/htdocs/projects/eGrocerAdminPanel-v1.9.3/eGrocerAdminPanel/vendor/laravel/framework/src/Illuminate/Pipeline/Pipeline.php(167): Fruitcake\\Cors\\HandleCors->handle()
#38 /opt/lampp81/htdocs/projects/eGrocerAdminPanel-v1.9.3/eGrocerAdminPanel/vendor/laravel/framework/src/Illuminate/Http/Middleware/TrustProxies.php(39): Illuminate\\Pipeline\\Pipeline->Illuminate\\Pipeline\\{closure}()
#39 /opt/lampp81/htdocs/projects/eGrocerAdminPanel-v1.9.3/eGrocerAdminPanel/vendor/laravel/framework/src/Illuminate/Pipeline/Pipeline.php(167): Illuminate\\Http\\Middleware\\TrustProxies->handle()
#40 /opt/lampp81/htdocs/projects/eGrocerAdminPanel-v1.9.3/eGrocerAdminPanel/vendor/laravel/framework/src/Illuminate/Pipeline/Pipeline.php(103): Illuminate\\Pipeline\\Pipeline->Illuminate\\Pipeline\\{closure}()
#41 /opt/lampp81/htdocs/projects/eGrocerAdminPanel-v1.9.3/eGrocerAdminPanel/vendor/laravel/framework/src/Illuminate/Foundation/Http/Kernel.php(142): Illuminate\\Pipeline\\Pipeline->then()
#42 /opt/lampp81/htdocs/projects/eGrocerAdminPanel-v1.9.3/eGrocerAdminPanel/vendor/laravel/framework/src/Illuminate/Foundation/Http/Kernel.php(111): Illuminate\\Foundation\\Http\\Kernel->sendRequestThroughRouter()
#43 /opt/lampp81/htdocs/projects/eGrocerAdminPanel-v1.9.3/eGrocerAdminPanel/public/index.php(60): Illuminate\\Foundation\\Http\\Kernel->handle()
#44 /opt/lampp81/htdocs/projects/eGrocerAdminPanel-v1.9.3/eGrocerAdminPanel/server.php(21): require_once('...')
#45 {main}
"} 
