[2023-10-23 05:26:59] production.ERROR: file_get_contents(https://wrteam.in/validator/egrocer_validator?purchase_code=developer panel&amp;domain_url=http://127.0.0.1:8000): Failed to open stream: HTTP request failed! HTTP/1.1 400 Bad Request
 {"exception":"[object] (ErrorException(code: 0): file_get_contents(https://wrteam.in/validator/egrocer_validator?purchase_code=developer panel&amp;domain_url=http://127.0.0.1:8000): Failed to open stream: HTTP request failed! HTTP/1.1 400 Bad Request

 at /opt/lampp81/htdocs/projects/eGrocerAdminPanel-v1.9.3/eGrocerAdminPanel/app/Helpers/helpers.php:33)
[stacktrace]
#0 [internal function]: Illuminate\\Foundation\\Bootstrap\\HandleExceptions->handleError()
#1 /opt/lampp81/htdocs/projects/eGrocerAdminPanel-v1.9.3/eGrocerAdminPanel/app/Helpers/helpers.php(33): file_get_contents()
#2 /opt/lampp81/htdocs/projects/eGrocerAdminPanel-v1.9.3/eGrocerAdminPanel/app/Http/Middleware/SetLang.php(80): validateAdmin()
#3 /opt/lampp81/htdocs/projects/eGrocerAdminPanel-v1.9.3/eGrocerAdminPanel/vendor/laravel/framework/src/Illuminate/Pipeline/Pipeline.php(167): App\\Http\\Middleware\\SetLang->handle()
#4 /opt/lampp81/htdocs/projects/eGrocerAdminPanel-v1.9.3/eGrocerAdminPanel/vendor/laravel/framework/src/Illuminate/Session/Middleware/StartSession.php(121): Illuminate\\Pipeline\\Pipeline->Illuminate\\Pipeline\\{closure}()
#5 /opt/lampp81/htdocs/projects/eGrocerAdminPanel-v1.9.3/eGrocerAdminPanel/vendor/laravel/framework/src/Illuminate/Session/Middleware/StartSession.php(64): Illuminate\\Session\\Middleware\\StartSession->handleStatefulRequest()
#6 /opt/lampp81/htdocs/projects/eGrocerAdminPanel-v1.9.3/eGrocerAdminPanel/vendor/laravel/framework/src/Illuminate/Pipeline/Pipeline.php(167): Illuminate\\Session\\Middleware\\StartSession->handle()
#7 /opt/lampp81/htdocs/projects/eGrocerAdminPanel-v1.9.3/eGrocerAdminPanel/vendor/laravel/framework/src/Illuminate/Foundation/Http/Middleware/TransformsRequest.php(21): Illuminate\\Pipeline\\Pipeline->Illuminate\\Pipeline\\{closure}()
#8 /opt/lampp81/htdocs/projects/eGrocerAdminPanel-v1.9.3/eGrocerAdminPanel/vendor/laravel/framework/src/Illuminate/Foundation/Http/Middleware/ConvertEmptyStringsToNull.php(31): Illuminate\\Foundation\\Http\\Middleware\\TransformsRequest->handle()
#9 /opt/lampp81/htdocs/projects/eGrocerAdminPanel-v1.9.3/eGrocerAdminPanel/vendor/laravel/framework/src/Illuminate/Pipeline/Pipeline.php(167): Illuminate\\Foundation\\Http\\Middleware\\ConvertEmptyStringsToNull->handle()
#10 /opt/lampp81/htdocs/projects/eGrocerAdminPanel-v1.9.3/eGrocerAdminPanel/vendor/laravel/framework/src/Illuminate/Foundation/Http/Middleware/TransformsRequest.php(21): Illuminate\\Pipeline\\Pipeline->Illuminate\\Pipeline\\{closure}()
#11 /opt/lampp81/htdocs/projects/eGrocerAdminPanel-v1.9.3/eGrocerAdminPanel/vendor/laravel/framework/src/Illuminate/Foundation/Http/Middleware/TrimStrings.php(40): Illuminate\\Foundation\\Http\\Middleware\\TransformsRequest->handle()
#12 /opt/lampp81/htdocs/projects/eGrocerAdminPanel-v1.9.3/eGrocerAdminPanel/vendor/laravel/framework/src/Illuminate/Pipeline/Pipeline.php(167): Illuminate\\Foundation\\Http\\Middleware\\TrimStrings->handle()
#13 /opt/lampp81/htdocs/projects/eGrocerAdminPanel-v1.9.3/eGrocerAdminPanel/vendor/laravel/framework/src/Illuminate/Foundation/Http/Middleware/ValidatePostSize.php(27): Illuminate\\Pipeline\\Pipeline->Illuminate\\Pipeline\\{closure}()
#14 /opt/lampp81/htdocs/projects/eGrocerAdminPanel-v1.9.3/eGrocerAdminPanel/vendor/laravel/framework/src/Illuminate/Pipeline/Pipeline.php(167): Illuminate\\Foundation\\Http\\Middleware\\ValidatePostSize->handle()
#15 /opt/lampp81/htdocs/projects/eGrocerAdminPanel-v1.9.3/eGrocerAdminPanel/vendor/laravel/framework/src/Illuminate/Foundation/Http/Middleware/PreventRequestsDuringMaintenance.php(86): Illuminate\\Pipeline\\Pipeline->Illuminate\\Pipeline\\{closure}()
#16 /opt/lampp81/htdocs/projects/eGrocerAdminPanel-v1.9.3/eGrocerAdminPanel/vendor/laravel/framework/src/Illuminate/Pipeline/Pipeline.php(167): Illuminate\\Foundation\\Http\\Middleware\\PreventRequestsDuringMaintenance->handle()
#17 /opt/lampp81/htdocs/projects/eGrocerAdminPanel-v1.9.3/eGrocerAdminPanel/vendor/fruitcake/laravel-cors/src/HandleCors.php(38): Illuminate\\Pipeline\\Pipeline->Illuminate\\Pipeline\\{closure}()
#18 /opt/lampp81/htdocs/projects/eGrocerAdminPanel-v1.9.3/eGrocerAdminPanel/vendor/laravel/framework/src/Illuminate/Pipeline/Pipeline.php(167): Fruitcake\\Cors\\HandleCors->handle()
#19 /opt/lampp81/htdocs/projects/eGrocerAdminPanel-v1.9.3/eGrocerAdminPanel/vendor/laravel/framework/src/Illuminate/Http/Middleware/TrustProxies.php(39): Illuminate\\Pipeline\\Pipeline->Illuminate\\Pipeline\\{closure}()
#20 /opt/lampp81/htdocs/projects/eGrocerAdminPanel-v1.9.3/eGrocerAdminPanel/vendor/laravel/framework/src/Illuminate/Pipeline/Pipeline.php(167): Illuminate\\Http\\Middleware\\TrustProxies->handle()
#21 /opt/lampp81/htdocs/projects/eGrocerAdminPanel-v1.9.3/eGrocerAdminPanel/vendor/laravel/framework/src/Illuminate/Pipeline/Pipeline.php(103): Illuminate\\Pipeline\\Pipeline->Illuminate\\Pipeline\\{closure}()
#22 /opt/lampp81/htdocs/projects/eGrocerAdminPanel-v1.9.3/eGrocerAdminPanel/vendor/laravel/framework/src/Illuminate/Foundation/Http/Kernel.php(142): Illuminate\\Pipeline\\Pipeline->then()
#23 /opt/lampp81/htdocs/projects/eGrocerAdminPanel-v1.9.3/eGrocerAdminPanel/vendor/laravel/framework/src/Illuminate/Foundation/Http/Kernel.php(111): Illuminate\\Foundation\\Http\\Kernel->sendRequestThroughRouter()
#24 /opt/lampp81/htdocs/projects/eGrocerAdminPanel-v1.9.3/eGrocerAdminPanel/public/index.php(60): Illuminate\\Foundation\\Http\\Kernel->handle()
#25 /opt/lampp81/htdocs/projects/eGrocerAdminPanel-v1.9.3/eGrocerAdminPanel/server.php(21): require_once('...')
#26 {main}
"} 
[2023-10-23 05:27:33] production.INFO: Number of sold out product : 8  
[2023-10-23 05:27:35] production.INFO: Number of sold out product : 8  
[2023-10-23 05:27:44] production.INFO: Number of sold out product : 8  
