[2023-10-18 05:26:12] production.INFO: Number of sold out product : 0  
[2023-10-18 05:26:14] production.INFO: Number of sold out product : 0  
[2023-10-18 05:26:19] production.INFO: Number of sold out product : 0  
[2023-10-18 12:03:06] production.INFO: Number of sold out product : 0  
[2023-10-18 12:03:09] production.INFO: Number of sold out product : 0  
[2023-10-18 12:34:22] production.ERROR: file_get_contents(http://127.0.0.1:8000/assets/css/custom/bootstrap/bootstrap.min.css): Failed to open stream: HTTP request failed! {"userId":6,"exception":"[object] (ErrorException(code: 0): file_get_contents(http://127.0.0.1:8000/assets/css/custom/bootstrap/bootstrap.min.css): Failed to open stream: HTTP request failed! at /opt/lampp81/htdocs/projects/eGrocerAdminPanel-v1.9.3/eGrocerAdminPanel/app/Helpers/CommonHelper.php:1653)
[stacktrace]
#0 [internal function]: Illuminate\\Foundation\\Bootstrap\\HandleExceptions->handleError()
#1 /opt/lampp81/htdocs/projects/eGrocerAdminPanel-v1.9.3/eGrocerAdminPanel/app/Helpers/CommonHelper.php(1653): file_get_contents()
#2 /opt/lampp81/htdocs/projects/eGrocerAdminPanel-v1.9.3/eGrocerAdminPanel/app/Http/Controllers/API/OrdersApiController.php(139): App\\Helpers\\CommonHelper::downloadOrderInvoice()
#3 /opt/lampp81/htdocs/projects/eGrocerAdminPanel-v1.9.3/eGrocerAdminPanel/vendor/laravel/framework/src/Illuminate/Routing/Controller.php(54): App\\Http\\Controllers\\API\\OrdersApiController->downloadOrderInvoice()
#4 /opt/lampp81/htdocs/projects/eGrocerAdminPanel-v1.9.3/eGrocerAdminPanel/vendor/laravel/framework/src/Illuminate/Routing/ControllerDispatcher.php(45): Illuminate\\Routing\\Controller->callAction()
#5 /opt/lampp81/htdocs/projects/eGrocerAdminPanel-v1.9.3/eGrocerAdminPanel/vendor/laravel/framework/src/Illuminate/Routing/Route.php(262): Illuminate\\Routing\\ControllerDispatcher->dispatch()
#6 /opt/lampp81/htdocs/projects/eGrocerAdminPanel-v1.9.3/eGrocerAdminPanel/vendor/laravel/framework/src/Illuminate/Routing/Route.php(205): Illuminate\\Routing\\Route->runController()
#7 /opt/lampp81/htdocs/projects/eGrocerAdminPanel-v1.9.3/eGrocerAdminPanel/vendor/laravel/framework/src/Illuminate/Routing/Router.php(721): Illuminate\\Routing\\Route->run()
#8 /opt/lampp81/htdocs/projects/eGrocerAdminPanel-v1.9.3/eGrocerAdminPanel/vendor/laravel/framework/src/Illuminate/Pipeline/Pipeline.php(128): Illuminate\\Routing\\Router->Illuminate\\Routing\\{closure}()
#9 /opt/lampp81/htdocs/projects/eGrocerAdminPanel-v1.9.3/eGrocerAdminPanel/vendor/laravel/framework/src/Illuminate/Routing/Middleware/SubstituteBindings.php(50): Illuminate\\Pipeline\\Pipeline->Illuminate\\Pipeline\\{closure}()
#10 /opt/lampp81/htdocs/projects/eGrocerAdminPanel-v1.9.3/eGrocerAdminPanel/vendor/laravel/framework/src/Illuminate/Pipeline/Pipeline.php(167): Illuminate\\Routing\\Middleware\\SubstituteBindings->handle()
#11 /opt/lampp81/htdocs/projects/eGrocerAdminPanel-v1.9.3/eGrocerAdminPanel/vendor/laravel/framework/src/Illuminate/Routing/Middleware/ThrottleRequests.php(127): Illuminate\\Pipeline\\Pipeline->Illuminate\\Pipeline\\{closure}()
#12 /opt/lampp81/htdocs/projects/eGrocerAdminPanel-v1.9.3/eGrocerAdminPanel/vendor/laravel/framework/src/Illuminate/Routing/Middleware/ThrottleRequests.php(103): Illuminate\\Routing\\Middleware\\ThrottleRequests->handleRequest()
#13 /opt/lampp81/htdocs/projects/eGrocerAdminPanel-v1.9.3/eGrocerAdminPanel/vendor/laravel/framework/src/Illuminate/Routing/Middleware/ThrottleRequests.php(55): Illuminate\\Routing\\Middleware\\ThrottleRequests->handleRequestUsingNamedLimiter()
#14 /opt/lampp81/htdocs/projects/eGrocerAdminPanel-v1.9.3/eGrocerAdminPanel/vendor/laravel/framework/src/Illuminate/Pipeline/Pipeline.php(167): Illuminate\\Routing\\Middleware\\ThrottleRequests->handle()
#15 /opt/lampp81/htdocs/projects/eGrocerAdminPanel-v1.9.3/eGrocerAdminPanel/vendor/laravel/framework/src/Illuminate/Auth/Middleware/Authenticate.php(44): Illuminate\\Pipeline\\Pipeline->Illuminate\\Pipeline\\{closure}()
#16 /opt/lampp81/htdocs/projects/eGrocerAdminPanel-v1.9.3/eGrocerAdminPanel/vendor/laravel/framework/src/Illuminate/Pipeline/Pipeline.php(167): Illuminate\\Auth\\Middleware\\Authenticate->handle()
#17 /opt/lampp81/htdocs/projects/eGrocerAdminPanel-v1.9.3/eGrocerAdminPanel/vendor/laravel/framework/src/Illuminate/Pipeline/Pipeline.php(103): Illuminate\\Pipeline\\Pipeline->Illuminate\\Pipeline\\{closure}()
#18 /opt/lampp81/htdocs/projects/eGrocerAdminPanel-v1.9.3/eGrocerAdminPanel/vendor/laravel/framework/src/Illuminate/Routing/Router.php(723): Illuminate\\Pipeline\\Pipeline->then()
#19 /opt/lampp81/htdocs/projects/eGrocerAdminPanel-v1.9.3/eGrocerAdminPanel/vendor/laravel/framework/src/Illuminate/Routing/Router.php(698): Illuminate\\Routing\\Router->runRouteWithinStack()
#20 /opt/lampp81/htdocs/projects/eGrocerAdminPanel-v1.9.3/eGrocerAdminPanel/vendor/laravel/framework/src/Illuminate/Routing/Router.php(662): Illuminate\\Routing\\Router->runRoute()
#21 /opt/lampp81/htdocs/projects/eGrocerAdminPanel-v1.9.3/eGrocerAdminPanel/vendor/laravel/framework/src/Illuminate/Routing/Router.php(651): Illuminate\\Routing\\Router->dispatchToRoute()
#22 /opt/lampp81/htdocs/projects/eGrocerAdminPanel-v1.9.3/eGrocerAdminPanel/vendor/laravel/framework/src/Illuminate/Foundation/Http/Kernel.php(167): Illuminate\\Routing\\Router->dispatch()
#23 /opt/lampp81/htdocs/projects/eGrocerAdminPanel-v1.9.3/eGrocerAdminPanel/vendor/laravel/framework/src/Illuminate/Pipeline/Pipeline.php(128): Illuminate\\Foundation\\Http\\Kernel->Illuminate\\Foundation\\Http\\{closure}()
#24 /opt/lampp81/htdocs/projects/eGrocerAdminPanel-v1.9.3/eGrocerAdminPanel/app/Http/Middleware/SetLang.php(82): Illuminate\\Pipeline\\Pipeline->Illuminate\\Pipeline\\{closure}()
#25 /opt/lampp81/htdocs/projects/eGrocerAdminPanel-v1.9.3/eGrocerAdminPanel/vendor/laravel/framework/src/Illuminate/Pipeline/Pipeline.php(167): App\\Http\\Middleware\\SetLang->handle()
#26 /opt/lampp81/htdocs/projects/eGrocerAdminPanel-v1.9.3/eGrocerAdminPanel/vendor/laravel/framework/src/Illuminate/Session/Middleware/StartSession.php(121): Illuminate\\Pipeline\\Pipeline->Illuminate\\Pipeline\\{closure}()
#27 /opt/lampp81/htdocs/projects/eGrocerAdminPanel-v1.9.3/eGrocerAdminPanel/vendor/laravel/framework/src/Illuminate/Session/Middleware/StartSession.php(64): Illuminate\\Session\\Middleware\\StartSession->handleStatefulRequest()
#28 /opt/lampp81/htdocs/projects/eGrocerAdminPanel-v1.9.3/eGrocerAdminPanel/vendor/laravel/framework/src/Illuminate/Pipeline/Pipeline.php(167): Illuminate\\Session\\Middleware\\StartSession->handle()
#29 /opt/lampp81/htdocs/projects/eGrocerAdminPanel-v1.9.3/eGrocerAdminPanel/vendor/laravel/framework/src/Illuminate/Foundation/Http/Middleware/TransformsRequest.php(21): Illuminate\\Pipeline\\Pipeline->Illuminate\\Pipeline\\{closure}()
#30 /opt/lampp81/htdocs/projects/eGrocerAdminPanel-v1.9.3/eGrocerAdminPanel/vendor/laravel/framework/src/Illuminate/Foundation/Http/Middleware/ConvertEmptyStringsToNull.php(31): Illuminate\\Foundation\\Http\\Middleware\\TransformsRequest->handle()
#31 /opt/lampp81/htdocs/projects/eGrocerAdminPanel-v1.9.3/eGrocerAdminPanel/vendor/laravel/framework/src/Illuminate/Pipeline/Pipeline.php(167): Illuminate\\Foundation\\Http\\Middleware\\ConvertEmptyStringsToNull->handle()
#32 /opt/lampp81/htdocs/projects/eGrocerAdminPanel-v1.9.3/eGrocerAdminPanel/vendor/laravel/framework/src/Illuminate/Foundation/Http/Middleware/TransformsRequest.php(21): Illuminate\\Pipeline\\Pipeline->Illuminate\\Pipeline\\{closure}()
#33 /opt/lampp81/htdocs/projects/eGrocerAdminPanel-v1.9.3/eGrocerAdminPanel/vendor/laravel/framework/src/Illuminate/Foundation/Http/Middleware/TrimStrings.php(40): Illuminate\\Foundation\\Http\\Middleware\\TransformsRequest->handle()
#34 /opt/lampp81/htdocs/projects/eGrocerAdminPanel-v1.9.3/eGrocerAdminPanel/vendor/laravel/framework/src/Illuminate/Pipeline/Pipeline.php(167): Illuminate\\Foundation\\Http\\Middleware\\TrimStrings->handle()
#35 /opt/lampp81/htdocs/projects/eGrocerAdminPanel-v1.9.3/eGrocerAdminPanel/vendor/laravel/framework/src/Illuminate/Foundation/Http/Middleware/ValidatePostSize.php(27): Illuminate\\Pipeline\\Pipeline->Illuminate\\Pipeline\\{closure}()
#36 /opt/lampp81/htdocs/projects/eGrocerAdminPanel-v1.9.3/eGrocerAdminPanel/vendor/laravel/framework/src/Illuminate/Pipeline/Pipeline.php(167): Illuminate\\Foundation\\Http\\Middleware\\ValidatePostSize->handle()
#37 /opt/lampp81/htdocs/projects/eGrocerAdminPanel-v1.9.3/eGrocerAdminPanel/vendor/laravel/framework/src/Illuminate/Foundation/Http/Middleware/PreventRequestsDuringMaintenance.php(86): Illuminate\\Pipeline\\Pipeline->Illuminate\\Pipeline\\{closure}()
#38 /opt/lampp81/htdocs/projects/eGrocerAdminPanel-v1.9.3/eGrocerAdminPanel/vendor/laravel/framework/src/Illuminate/Pipeline/Pipeline.php(167): Illuminate\\Foundation\\Http\\Middleware\\PreventRequestsDuringMaintenance->handle()
#39 /opt/lampp81/htdocs/projects/eGrocerAdminPanel-v1.9.3/eGrocerAdminPanel/vendor/fruitcake/laravel-cors/src/HandleCors.php(52): Illuminate\\Pipeline\\Pipeline->Illuminate\\Pipeline\\{closure}()
#40 /opt/lampp81/htdocs/projects/eGrocerAdminPanel-v1.9.3/eGrocerAdminPanel/vendor/laravel/framework/src/Illuminate/Pipeline/Pipeline.php(167): Fruitcake\\Cors\\HandleCors->handle()
#41 /opt/lampp81/htdocs/projects/eGrocerAdminPanel-v1.9.3/eGrocerAdminPanel/vendor/laravel/framework/src/Illuminate/Http/Middleware/TrustProxies.php(39): Illuminate\\Pipeline\\Pipeline->Illuminate\\Pipeline\\{closure}()
#42 /opt/lampp81/htdocs/projects/eGrocerAdminPanel-v1.9.3/eGrocerAdminPanel/vendor/laravel/framework/src/Illuminate/Pipeline/Pipeline.php(167): Illuminate\\Http\\Middleware\\TrustProxies->handle()
#43 /opt/lampp81/htdocs/projects/eGrocerAdminPanel-v1.9.3/eGrocerAdminPanel/vendor/laravel/framework/src/Illuminate/Pipeline/Pipeline.php(103): Illuminate\\Pipeline\\Pipeline->Illuminate\\Pipeline\\{closure}()
#44 /opt/lampp81/htdocs/projects/eGrocerAdminPanel-v1.9.3/eGrocerAdminPanel/vendor/laravel/framework/src/Illuminate/Foundation/Http/Kernel.php(142): Illuminate\\Pipeline\\Pipeline->then()
#45 /opt/lampp81/htdocs/projects/eGrocerAdminPanel-v1.9.3/eGrocerAdminPanel/vendor/laravel/framework/src/Illuminate/Foundation/Http/Kernel.php(111): Illuminate\\Foundation\\Http\\Kernel->sendRequestThroughRouter()
#46 /opt/lampp81/htdocs/projects/eGrocerAdminPanel-v1.9.3/eGrocerAdminPanel/public/index.php(60): Illuminate\\Foundation\\Http\\Kernel->handle()
#47 /opt/lampp81/htdocs/projects/eGrocerAdminPanel-v1.9.3/eGrocerAdminPanel/server.php(21): require_once('...')
#48 {main}
"} 
